<?xml version="1.0" encoding="UTF-8"?>
<testsuite name="com.twu.biblioteca.support.BookHeaderTest" tests="1" skipped="0" failures="0" errors="0" timestamp="2018-05-15T13:09:24" hostname="alaskaVM" time="0.001">
  <properties/>
  <testcase name="getHeader" classname="com.twu.biblioteca.support.BookHeaderTest" time="0.001"/>
  <system-out><![CDATA[]]></system-out>
  <system-err><![CDATA[]]></system-err>
</testsuite>
