<?xml version="1.0" encoding="UTF-8"?>
<testsuite name="com.twu.biblioteca.support.LibraryTest" tests="2" skipped="0" failures="0" errors="0" timestamp="2018-05-14T14:37:03" hostname="alaskaVM" time="0.108">
  <properties/>
  <testcase name="canAddBooks" classname="com.twu.biblioteca.support.LibraryTest" time="0.034"/>
  <testcase name="getGeneratedBook" classname="com.twu.biblioteca.support.LibraryTest" time="0.074"/>
  <system-out><![CDATA[]]></system-out>
  <system-err><![CDATA[]]></system-err>
</testsuite>
