<?xml version="1.0" encoding="UTF-8"?>
<testsuite name="com.twu.biblioteca.Menu.CheckOutOptionTest" tests="5" skipped="0" failures="0" errors="0" timestamp="2018-05-14T14:36:59" hostname="alaskaVM" time="0.249">
  <properties/>
  <testcase name="canCheckOutValidBook" classname="com.twu.biblioteca.Menu.CheckOutOptionTest" time="0.108"/>
  <testcase name="canGetCommandContent" classname="com.twu.biblioteca.Menu.CheckOutOptionTest" time="0.0"/>
  <testcase name="canGetCommand" classname="com.twu.biblioteca.Menu.CheckOutOptionTest" time="0.0"/>
  <testcase name="cannotCheckOutInvalidBook" classname="com.twu.biblioteca.Menu.CheckOutOptionTest" time="0.067"/>
  <testcase name="cannotCheckOutNonExistingBook" classname="com.twu.biblioteca.Menu.CheckOutOptionTest" time="0.073"/>
  <system-out><![CDATA[Thank you! Enjoy the book
That book is not available.
That book is not available.
]]></system-out>
  <system-err><![CDATA[]]></system-err>
</testsuite>
