<?xml version="1.0" encoding="UTF-8"?>
<testsuite name="com.twu.biblioteca.Menu.QuitOptionTest" tests="2" skipped="0" failures="0" errors="0" timestamp="2018-05-14T14:37:02" hostname="alaskaVM" time="0.001">
  <properties/>
  <testcase name="getCommandContent" classname="com.twu.biblioteca.Menu.QuitOptionTest" time="0.001"/>
  <testcase name="getCommand" classname="com.twu.biblioteca.Menu.QuitOptionTest" time="0.0"/>
  <system-out><![CDATA[]]></system-out>
  <system-err><![CDATA[]]></system-err>
</testsuite>
