<?xml version="1.0" encoding="UTF-8"?>
<testsuite name="com.twu.biblioteca.Menu.ListOneBookOptionTest" tests="3" skipped="0" failures="0" errors="0" timestamp="2018-05-15T13:09:18" hostname="alaskaVM" time="0.822">
  <properties/>
  <testcase name="canGetCommandContent" classname="com.twu.biblioteca.Menu.ListOneBookOptionTest" time="0.464"/>
  <testcase name="canGetDetailsofOneBook" classname="com.twu.biblioteca.Menu.ListOneBookOptionTest" time="0.145"/>
  <testcase name="canGetCommand" classname="com.twu.biblioteca.Menu.ListOneBookOptionTest" time="0.212"/>
  <system-out><![CDATA[Select a valid option!
]]></system-out>
  <system-err><![CDATA[]]></system-err>
</testsuite>
