<?xml version="1.0" encoding="UTF-8"?>
<testsuite name="com.twu.biblioteca.support.BookTest" tests="2" skipped="0" failures="0" errors="0" timestamp="2018-05-15T13:09:24" hostname="alaskaVM" time="0.153">
  <properties/>
  <testcase name="propertyList" classname="com.twu.biblioteca.support.BookTest" time="0.046"/>
  <testcase name="TitleTooLong" classname="com.twu.biblioteca.support.BookTest" time="0.107"/>
  <system-out><![CDATA[]]></system-out>
  <system-err><![CDATA[]]></system-err>
</testsuite>
