<?xml version="1.0" encoding="UTF-8"?>
<testsuite name="com.twu.biblioteca.Menu.CheckInOptionTest" tests="5" skipped="0" failures="0" errors="0" timestamp="2018-05-15T13:09:19" hostname="alaskaVM" time="0.279">
  <properties/>
  <testcase name="canGetCommandContent" classname="com.twu.biblioteca.Menu.CheckInOptionTest" time="0.0"/>
  <testcase name="cannotCheckInNonExistentBook" classname="com.twu.biblioteca.Menu.CheckInOptionTest" time="0.094"/>
  <testcase name="canGetCommand" classname="com.twu.biblioteca.Menu.CheckInOptionTest" time="0.001"/>
  <testcase name="cannotCheckInInvalidBook" classname="com.twu.biblioteca.Menu.CheckInOptionTest" time="0.08"/>
  <testcase name="canCheckInValidBook" classname="com.twu.biblioteca.Menu.CheckInOptionTest" time="0.103"/>
  <system-out><![CDATA[That is not a valid book to return.
That is not a valid book to return.
Thank you for returning the book.
]]></system-out>
  <system-err><![CDATA[]]></system-err>
</testsuite>
